[2026-02-05T05:38:39.457Z] Starting dev server with command: pnpm run dev
[2026-02-05T05:38:39.835Z] 
[2026-02-05T05:38:39.835Z] > payment-tracker@1.0.0 dev /home/ubuntu/payment-tracker
[2026-02-05T05:38:39.836Z] > node server.js
[2026-02-05T05:38:39.836Z] 
[2026-02-05T05:38:40.015Z] node:internal/modules/cjs/loader:1244
[2026-02-05T05:38:40.015Z] const err = new Error(message);
[2026-02-05T05:38:40.016Z] ^
[2026-02-05T05:38:40.016Z] 
[2026-02-05T05:38:40.016Z] Error: Cannot find module '.prisma/client/default'
[2026-02-05T05:38:40.017Z] Require stack:
[2026-02-05T05:38:40.017Z] - /home/ubuntu/payment-tracker/node_modules/.pnpm/@prisma+client@5.22.0_prisma@5.22.0/node_modules/@prisma/client/default.js
[2026-02-05T05:38:40.017Z] at Function._resolveFilename (node:internal/modules/cjs/loader:1244:15)
[2026-02-05T05:38:40.017Z] at Function._load (node:internal/modules/cjs/loader:1070:27)
[2026-02-05T05:38:40.018Z] at TracingChannel.traceSync (node:diagnostics_channel:322:14)
[2026-02-05T05:38:40.018Z] at wrapModuleLoad (node:internal/modules/cjs/loader:217:24)
[2026-02-05T05:38:40.018Z] at Module.require (node:internal/modules/cjs/loader:1335:12)
[2026-02-05T05:38:40.019Z] at require (node:internal/modules/helpers:136:16)
[2026-02-05T05:38:40.019Z] at Object.<anonymous> (/home/ubuntu/payment-tracker/node_modules/.pnpm/@prisma+client@5.22.0_prisma@5.22.0/node_modules/@prisma/client/default.js:2:6)
[2026-02-05T05:38:40.019Z] at Module._compile (node:internal/modules/cjs/loader:1562:14)
[2026-02-05T05:38:40.019Z] at Object..js (node:internal/modules/cjs/loader:1699:10)
[2026-02-05T05:38:40.020Z] at Module.load (node:internal/modules/cjs/loader:1313:32) {
[2026-02-05T05:38:40.020Z] code: 'MODULE_NOT_FOUND',
[2026-02-05T05:38:40.020Z] requireStack: [
[2026-02-05T05:38:40.021Z] '/home/ubuntu/payment-tracker/node_modules/.pnpm/@prisma+client@5.22.0_prisma@5.22.0/node_modules/@prisma/client/default.js'
[2026-02-05T05:38:40.021Z] ]
[2026-02-05T05:38:40.021Z] }
[2026-02-05T05:38:40.021Z] 
[2026-02-05T05:38:40.022Z] Node.js v22.13.0
[2026-02-05T05:38:40.037Z] ELIFECYCLE  Command failed with exit code 1.
[2026-02-05T05:38:40.056Z] Dev server exited with code 1
[2026-02-05T05:38:51.124Z] Starting dev server with command: pnpm run dev
[2026-02-05T05:38:51.481Z] 
[2026-02-05T05:38:51.482Z] > payment-tracker@1.0.0 dev /home/ubuntu/payment-tracker
[2026-02-05T05:38:51.482Z] > node server.js
[2026-02-05T05:38:51.482Z] 
[2026-02-05T05:38:51.628Z] node:internal/modules/cjs/loader:1244
[2026-02-05T05:38:51.628Z] const err = new Error(message);
[2026-02-05T05:38:51.629Z] ^
[2026-02-05T05:38:51.629Z] 
[2026-02-05T05:38:51.629Z] Error: Cannot find module '.prisma/client/default'
[2026-02-05T05:38:51.630Z] Require stack:
[2026-02-05T05:38:51.630Z] - /home/ubuntu/payment-tracker/node_modules/.pnpm/@prisma+client@5.22.0_prisma@5.22.0/node_modules/@prisma/client/default.js
[2026-02-05T05:38:51.630Z] at Function._resolveFilename (node:internal/modules/cjs/loader:1244:15)
[2026-02-05T05:38:51.630Z] at Function._load (node:internal/modules/cjs/loader:1070:27)
[2026-02-05T05:38:51.631Z] at TracingChannel.traceSync (node:diagnostics_channel:322:14)
[2026-02-05T05:38:51.631Z] at wrapModuleLoad (node:internal/modules/cjs/loader:217:24)
[2026-02-05T05:38:51.631Z] at Module.require (node:internal/modules/cjs/loader:1335:12)
[2026-02-05T05:38:51.632Z] at require (node:internal/modules/helpers:136:16)
[2026-02-05T05:38:51.632Z] at Object.<anonymous> (/home/ubuntu/payment-tracker/node_modules/.pnpm/@prisma+client@5.22.0_prisma@5.22.0/node_modules/@prisma/client/default.js:2:6)
[2026-02-05T05:38:51.632Z] at Module._compile (node:internal/modules/cjs/loader:1562:14)
[2026-02-05T05:38:51.632Z] at Object..js (node:internal/modules/cjs/loader:1699:10)
[2026-02-05T05:38:51.633Z] at Module.load (node:internal/modules/cjs/loader:1313:32) {
[2026-02-05T05:38:51.633Z] code: 'MODULE_NOT_FOUND',
[2026-02-05T05:38:51.633Z] requireStack: [
[2026-02-05T05:38:51.633Z] '/home/ubuntu/payment-tracker/node_modules/.pnpm/@prisma+client@5.22.0_prisma@5.22.0/node_modules/@prisma/client/default.js'
[2026-02-05T05:38:51.634Z] ]
[2026-02-05T05:38:51.634Z] }
[2026-02-05T05:38:51.634Z] 
[2026-02-05T05:38:51.634Z] Node.js v22.13.0
[2026-02-05T05:38:51.650Z] ELIFECYCLE  Command failed with exit code 1.
[2026-02-05T05:38:51.670Z] Dev server exited with code 1
[2026-02-05T05:39:03.678Z] Starting dev server with command: pnpm run dev
[2026-02-05T05:39:04.037Z] 
[2026-02-05T05:39:04.038Z] > payment-tracker@1.0.0 dev /home/ubuntu/payment-tracker
[2026-02-05T05:39:04.038Z] > node server.js
[2026-02-05T05:39:04.038Z] 
[2026-02-05T05:39:04.441Z] Server running on port 3000
[2026-02-05T05:39:04.442Z] (node:2035) NOTE: The AWS SDK for JavaScript (v2) has reached end-of-support.
[2026-02-05T05:39:04.442Z] It will no longer receive updates or releases.
[2026-02-05T05:39:04.443Z] 
[2026-02-05T05:39:04.443Z] Please migrate your code to use AWS SDK for JavaScript (v3).
[2026-02-05T05:39:04.443Z] For more information, check the blog post at https://a.co/cUPnyil
[2026-02-05T05:39:04.444Z] (Use `node --trace-warnings ...` to show where the warning was created)
[2026-02-05T05:39:46.142Z] Dev server process group stopped
[2026-02-05T05:39:46.159Z] ELIFECYCLE  Command failed.
[2026-02-05T05:39:46.164Z] Dev server exited with code -15
[2026-02-05T05:39:49.146Z] Starting dev server with command: pnpm run dev
[2026-02-05T05:39:49.493Z] 
[2026-02-05T05:39:49.494Z] > payment-tracker@1.0.0 dev /home/ubuntu/payment-tracker
[2026-02-05T05:39:49.494Z] > node server.js
[2026-02-05T05:39:49.494Z] 
[2026-02-05T05:39:49.924Z] Server running on port 3000
[2026-02-05T05:39:49.925Z] (node:2171) NOTE: The AWS SDK for JavaScript (v2) has reached end-of-support.
[2026-02-05T05:39:49.925Z] It will no longer receive updates or releases.
[2026-02-05T05:39:49.926Z] 
[2026-02-05T05:39:49.926Z] Please migrate your code to use AWS SDK for JavaScript (v3).
[2026-02-05T05:39:49.926Z] For more information, check the blog post at https://a.co/cUPnyil
[2026-02-05T05:39:49.926Z] (Use `node --trace-warnings ...` to show where the warning was created)
[2026-02-05T05:49:14.282Z] Dev server process group stopped
[2026-02-05T05:49:14.300Z] ELIFECYCLE  Command failed.
[2026-02-05T05:49:14.306Z] Dev server exited with code -15
[2026-02-05T05:49:17.286Z] Starting dev server with command: pnpm run dev
[2026-02-05T05:49:17.645Z] 
[2026-02-05T05:49:17.646Z] > payment-tracker@1.0.0 dev /home/ubuntu/payment-tracker
[2026-02-05T05:49:17.646Z] > node server.js
[2026-02-05T05:49:17.647Z] 
[2026-02-05T05:49:18.044Z] Server running on port 3000
[2026-02-05T05:49:18.045Z] (node:2812) NOTE: The AWS SDK for JavaScript (v2) has reached end-of-support.
[2026-02-05T05:49:18.045Z] It will no longer receive updates or releases.
[2026-02-05T05:49:18.046Z] 
[2026-02-05T05:49:18.046Z] Please migrate your code to use AWS SDK for JavaScript (v3).
[2026-02-05T05:49:18.046Z] For more information, check the blog post at https://a.co/cUPnyil
[2026-02-05T05:49:18.047Z] (Use `node --trace-warnings ...` to show where the warning was created)
[2026-02-06T14:45:12.407Z] Dev server process group stopped
[2026-02-06T14:45:15.412Z] Starting dev server with command: pnpm run dev
[2026-02-06T14:45:15.794Z] 
[2026-02-06T14:45:15.795Z] > payment-tracker@1.0.0 dev /home/ubuntu/payment-tracker
[2026-02-06T14:45:15.795Z] > node server.js
[2026-02-06T14:45:15.796Z] 
[2026-02-06T14:45:19.217Z] Server running on port 3000
[2026-02-06T14:45:19.218Z] (node:6784) NOTE: The AWS SDK for JavaScript (v2) has reached end-of-support.
[2026-02-06T14:45:19.218Z] It will no longer receive updates or releases.
[2026-02-06T14:45:19.218Z] 
[2026-02-06T14:45:19.219Z] Please migrate your code to use AWS SDK for JavaScript (v3).
[2026-02-06T14:45:19.219Z] For more information, check the blog post at https://a.co/cUPnyil
[2026-02-06T14:45:19.219Z] (Use `node --trace-warnings ...` to show where the warning was created)
[2026-02-06T14:46:28.255Z] Dev server process group stopped
[2026-02-06T14:46:28.274Z] ELIFECYCLE  Command failed.
[2026-02-06T14:46:28.282Z] Dev server exited with code -15
[2026-02-06T14:46:31.260Z] Starting dev server with command: pnpm run dev
[2026-02-06T14:46:31.639Z] 
[2026-02-06T14:46:31.640Z] > payment-tracker@1.0.0 dev /home/ubuntu/payment-tracker
[2026-02-06T14:46:31.640Z] > node server.js
[2026-02-06T14:46:31.640Z] 
[2026-02-06T14:46:35.685Z] Server running on port 3000
[2026-02-06T14:46:35.687Z] (node:7002) NOTE: The AWS SDK for JavaScript (v2) has reached end-of-support.
[2026-02-06T14:46:35.687Z] It will no longer receive updates or releases.
[2026-02-06T14:46:35.687Z] 
[2026-02-06T14:46:35.688Z] Please migrate your code to use AWS SDK for JavaScript (v3).
[2026-02-06T14:46:35.688Z] For more information, check the blog post at https://a.co/cUPnyil
[2026-02-06T14:46:35.688Z] (Use `node --trace-warnings ...` to show where the warning was created)
[2026-02-06T14:57:57.195Z] Dev server process group stopped
[2026-02-06T14:57:57.214Z] ELIFECYCLE  Command failed.
[2026-02-06T14:57:57.221Z] Dev server exited with code -15
[2026-02-06T14:58:00.199Z] Starting dev server with command: pnpm run dev
[2026-02-06T14:58:00.577Z] 
[2026-02-06T14:58:00.578Z] > payment-tracker@1.0.0 dev /home/ubuntu/payment-tracker
[2026-02-06T14:58:00.579Z] > node server.js
[2026-02-06T14:58:00.579Z] 
[2026-02-06T14:58:01.816Z] Server running on port 3000
[2026-02-06T14:58:01.818Z] (node:7793) NOTE: The AWS SDK for JavaScript (v2) has reached end-of-support.
[2026-02-06T14:58:01.818Z] It will no longer receive updates or releases.
[2026-02-06T14:58:01.819Z] 
[2026-02-06T14:58:01.819Z] Please migrate your code to use AWS SDK for JavaScript (v3).
[2026-02-06T14:58:01.819Z] For more information, check the blog post at https://a.co/cUPnyil
[2026-02-06T14:58:01.820Z] (Use `node --trace-warnings ...` to show where the warning was created)
[2026-02-10T18:39:05.615Z] Starting dev server with command: pnpm run dev
[2026-02-10T18:39:05.990Z] 
[2026-02-10T18:39:05.991Z] > payment-tracker@1.0.0 dev /home/ubuntu/payment-tracker
[2026-02-10T18:39:05.991Z] > node server.js
[2026-02-10T18:39:05.992Z] 
[2026-02-10T18:39:06.043Z] node:internal/modules/esm/resolve:857
[2026-02-10T18:39:06.044Z] throw new ERR_MODULE_NOT_FOUND(packageName, fileURLToPath(base), null);
[2026-02-10T18:39:06.044Z] ^
[2026-02-10T18:39:06.044Z] 
[2026-02-10T18:39:06.045Z] Error [ERR_MODULE_NOT_FOUND]: Cannot find package 'google-auth-library' imported from /home/ubuntu/payment-tracker/server.js
[2026-02-10T18:39:06.045Z] at packageResolve (node:internal/modules/esm/resolve:857:9)
[2026-02-10T18:39:06.045Z] at moduleResolve (node:internal/modules/esm/resolve:926:18)
[2026-02-10T18:39:06.046Z] at defaultResolve (node:internal/modules/esm/resolve:1056:11)
[2026-02-10T18:39:06.046Z] at ModuleLoader.defaultResolve (node:internal/modules/esm/loader:654:12)
[2026-02-10T18:39:06.046Z] at #cachedDefaultResolve (node:internal/modules/esm/loader:603:25)
[2026-02-10T18:39:06.047Z] at ModuleLoader.resolve (node:internal/modules/esm/loader:586:38)
[2026-02-10T18:39:06.047Z] at ModuleLoader.getModuleJobForImport (node:internal/modules/esm/loader:242:38)
[2026-02-10T18:39:06.047Z] at ModuleJob._link (node:internal/modules/esm/module_job:135:49) {
[2026-02-10T18:39:06.048Z] code: 'ERR_MODULE_NOT_FOUND'
[2026-02-10T18:39:06.048Z] }
[2026-02-10T18:39:06.048Z] 
[2026-02-10T18:39:06.049Z] Node.js v22.13.0
[2026-02-10T18:39:06.062Z] ELIFECYCLE  Command failed with exit code 1.
[2026-02-10T18:39:06.084Z] Dev server exited with code 1
[2026-02-10T18:39:34.823Z] Starting dev server with command: pnpm run dev
[2026-02-10T18:39:35.203Z] 
[2026-02-10T18:39:35.204Z] > payment-tracker@1.0.0 dev /home/ubuntu/payment-tracker
[2026-02-10T18:39:35.205Z] > node server.js
[2026-02-10T18:39:35.205Z] 
[2026-02-10T18:39:36.690Z] Server running on port 3000
[2026-02-10T18:39:36.691Z] (node:1980) NOTE: The AWS SDK for JavaScript (v2) has reached end-of-support.
[2026-02-10T18:39:36.691Z] It will no longer receive updates or releases.
[2026-02-10T18:39:36.692Z] 
[2026-02-10T18:39:36.692Z] Please migrate your code to use AWS SDK for JavaScript (v3).
[2026-02-10T18:39:36.692Z] For more information, check the blog post at https://a.co/cUPnyil
[2026-02-10T18:39:36.693Z] (Use `node --trace-warnings ...` to show where the warning was created)
[2026-02-10T18:44:30.834Z] Dev server process group stopped
[2026-02-10T18:44:30.852Z] ELIFECYCLE  Command failed.
[2026-02-10T18:44:30.858Z] Dev server exited with code -15
[2026-02-10T18:44:33.838Z] Starting dev server with command: pnpm run dev
[2026-02-10T18:44:34.216Z] 
[2026-02-10T18:44:34.216Z] > payment-tracker@1.0.0 dev /home/ubuntu/payment-tracker
[2026-02-10T18:44:34.217Z] > node server.js
[2026-02-10T18:44:34.217Z] 
[2026-02-10T18:44:35.508Z] Server running on port 3000
[2026-02-10T18:44:35.510Z] (node:2497) NOTE: The AWS SDK for JavaScript (v2) has reached end-of-support.
[2026-02-10T18:44:35.511Z] It will no longer receive updates or releases.
[2026-02-10T18:44:35.511Z] 
[2026-02-10T18:44:35.511Z] Please migrate your code to use AWS SDK for JavaScript (v3).
[2026-02-10T18:44:35.512Z] For more information, check the blog post at https://a.co/cUPnyil
[2026-02-10T18:44:35.512Z] (Use `node --trace-warnings ...` to show where the warning was created)
[2026-02-10T18:47:01.366Z] Dev server process group stopped
[2026-02-10T18:47:01.384Z] ELIFECYCLE  Command failed.
[2026-02-10T18:47:01.392Z] Dev server exited with code -15
[2026-02-10T18:47:04.371Z] Starting dev server with command: pnpm run dev
[2026-02-10T18:47:04.739Z] 
[2026-02-10T18:47:04.740Z] > payment-tracker@1.0.0 dev /home/ubuntu/payment-tracker
[2026-02-10T18:47:04.740Z] > node server.js
[2026-02-10T18:47:04.740Z] 
[2026-02-10T18:47:06.111Z] Server running on port 3000
[2026-02-10T18:47:06.112Z] (node:2903) NOTE: The AWS SDK for JavaScript (v2) has reached end-of-support.
[2026-02-10T18:47:06.113Z] It will no longer receive updates or releases.
[2026-02-10T18:47:06.113Z] 
[2026-02-10T18:47:06.113Z] Please migrate your code to use AWS SDK for JavaScript (v3).
[2026-02-10T18:47:06.113Z] For more information, check the blog post at https://a.co/cUPnyil
[2026-02-10T18:47:06.114Z] (Use `node --trace-warnings ...` to show where the warning was created)
[2026-02-11T06:04:25.305Z] Dev server process group stopped
[2026-02-11T06:04:25.336Z] ELIFECYCLE  Command failed.
[2026-02-11T06:04:25.347Z] Dev server exited with code -15
[2026-02-11T06:04:28.311Z] Starting dev server with command: pnpm run dev
[2026-02-11T06:04:28.736Z] 
[2026-02-11T06:04:28.737Z] > payment-tracker@1.0.0 dev /home/ubuntu/payment-tracker
[2026-02-11T06:04:28.737Z] > node server.js
[2026-02-11T06:04:28.738Z] 
[2026-02-11T06:04:31.059Z] Server running on port 3000
[2026-02-11T06:04:31.061Z] (node:6517) NOTE: The AWS SDK for JavaScript (v2) has reached end-of-support.
[2026-02-11T06:04:31.061Z] It will no longer receive updates or releases.
[2026-02-11T06:04:31.062Z] 
[2026-02-11T06:04:31.062Z] Please migrate your code to use AWS SDK for JavaScript (v3).
[2026-02-11T06:04:31.062Z] For more information, check the blog post at https://a.co/cUPnyil
[2026-02-11T06:04:31.063Z] (Use `node --trace-warnings ...` to show where the warning was created)
[2026-02-11T18:32:53.215Z] Starting dev server with command: pnpm run dev
[2026-02-11T18:32:53.503Z] 
[2026-02-11T18:32:53.503Z] > payment-tracker@1.0.0 dev /home/ubuntu/payment-tracker
[2026-02-11T18:32:53.504Z] > node server.js
[2026-02-11T18:32:53.504Z] 
[2026-02-11T18:32:53.703Z] node:internal/modules/cjs/loader:1244
[2026-02-11T18:32:53.704Z] const err = new Error(message);
[2026-02-11T18:32:53.704Z] ^
[2026-02-11T18:32:53.705Z] 
[2026-02-11T18:32:53.705Z] Error: Cannot find module '.prisma/client/default'
[2026-02-11T18:32:53.705Z] Require stack:
[2026-02-11T18:32:53.705Z] - /home/ubuntu/payment-tracker/node_modules/.pnpm/@prisma+client@5.22.0_prisma@5.22.0/node_modules/@prisma/client/default.js
[2026-02-11T18:32:53.706Z] at Function._resolveFilename (node:internal/modules/cjs/loader:1244:15)
[2026-02-11T18:32:53.706Z] at Function._load (node:internal/modules/cjs/loader:1070:27)
[2026-02-11T18:32:53.706Z] at TracingChannel.traceSync (node:diagnostics_channel:322:14)
[2026-02-11T18:32:53.706Z] at wrapModuleLoad (node:internal/modules/cjs/loader:217:24)
[2026-02-11T18:32:53.707Z] at Module.require (node:internal/modules/cjs/loader:1335:12)
[2026-02-11T18:32:53.707Z] at require (node:internal/modules/helpers:136:16)
[2026-02-11T18:32:53.707Z] at Object.<anonymous> (/home/ubuntu/payment-tracker/node_modules/.pnpm/@prisma+client@5.22.0_prisma@5.22.0/node_modules/@prisma/client/default.js:2:6)
[2026-02-11T18:32:53.707Z] at Module._compile (node:internal/modules/cjs/loader:1562:14)
[2026-02-11T18:32:53.707Z] at Object..js (node:internal/modules/cjs/loader:1699:10)
[2026-02-11T18:32:53.707Z] at Module.load (node:internal/modules/cjs/loader:1313:32) {
[2026-02-11T18:32:53.708Z] code: 'MODULE_NOT_FOUND',
[2026-02-11T18:32:53.708Z] requireStack: [
[2026-02-11T18:32:53.708Z] '/home/ubuntu/payment-tracker/node_modules/.pnpm/@prisma+client@5.22.0_prisma@5.22.0/node_modules/@prisma/client/default.js'
[2026-02-11T18:32:53.708Z] ]
[2026-02-11T18:32:53.708Z] }
[2026-02-11T18:32:53.708Z] 
[2026-02-11T18:32:53.709Z] Node.js v22.13.0
[2026-02-11T18:32:53.724Z] ELIFECYCLE  Command failed with exit code 1.
[2026-02-11T18:32:53.739Z] Dev server exited with code 1
[2026-02-12T06:44:04.872Z] Starting dev server with command: pnpm run dev
[2026-02-12T06:44:05.251Z] 
[2026-02-12T06:44:05.252Z] > payment-tracker@1.0.0 dev /home/ubuntu/payment-tracker
[2026-02-12T06:44:05.252Z] > node server.js
[2026-02-12T06:44:05.253Z] 
[2026-02-12T06:44:06.566Z] Server running on port 3000
[2026-02-12T06:44:06.567Z] (node:7036) NOTE: The AWS SDK for JavaScript (v2) has reached end-of-support.
[2026-02-12T06:44:06.567Z] It will no longer receive updates or releases.
[2026-02-12T06:44:06.567Z] 
[2026-02-12T06:44:06.568Z] Please migrate your code to use AWS SDK for JavaScript (v3).
[2026-02-12T06:44:06.568Z] For more information, check the blog post at https://a.co/cUPnyil
[2026-02-12T06:44:06.568Z] (Use `node --trace-warnings ...` to show where the warning was created)
